<?xml version="1.0" encoding="UTF-8"?>
<!-- Generated by org.testng.reporters.JUnitReportReporter -->
<testsuite hostname="TECH-LP-444" name="runner.RunCuke" tests="1" failures="0" timestamp="5 Oct 2018 10:22:23 GMT" time="66.214" errors="0">
  <testcase name="feature" time="66.214" classname="runner.RunCuke"/>
</testsuite> <!-- runner.RunCuke -->
